[2025-06-29 03:37:14] [LOAD-DB] Iniciando carregamento de dados do banco
[2025-06-29 03:37:14] [LOAD-DB] Carregando dados para página: index
[2025-06-29 03:37:14] [DATABASE] Conexão MySQL estabelecida com sucesso
[2025-06-29 03:37:14] [LOAD-DB] Carregamento concluído - Textos: 9, Imagens: 8
[2025-06-29 03:37:14] [LOAD-DB] Iniciando carregamento de dados do banco
[2025-06-29 03:37:14] [LOAD-DB] Carregando dados para página: index
[2025-06-29 03:37:14] [DATABASE] Conexão MySQL estabelecida com sucesso
[2025-06-29 03:37:14] [LOAD-DB] Carregamento concluído - Textos: 9, Imagens: 8
[2025-06-29 03:37:15] [API-ADMIN] Método: GET, Ação: get_normalizations
[2025-06-29 03:37:15] [DATABASE] Conexão MySQL estabelecida com sucesso
[2025-06-29 03:37:15] [API-ADMIN] Buscadas 2 normalizações do banco
[2025-06-29 04:03:59] [LOAD-DB] Iniciando carregamento de dados do banco
[2025-06-29 04:03:59] [LOAD-DB] Carregando dados para página: index
[2025-06-29 04:03:59] [DATABASE] Conexão MySQL estabelecida com sucesso
[2025-06-29 04:03:59] [LOAD-DB] Carregamento concluído - Textos: 9, Imagens: 8
[2025-06-29 04:03:59] [LOAD-DB] Iniciando carregamento de dados do banco
[2025-06-29 04:03:59] [LOAD-DB] Carregando dados para página: index
[2025-06-29 04:03:59] [DATABASE] Conexão MySQL estabelecida com sucesso
[2025-06-29 04:03:59] [LOAD-DB] Carregamento concluído - Textos: 9, Imagens: 8
[2025-06-29 04:04:00] [API-ADMIN] Método: GET, Ação: get_normalizations
[2025-06-29 04:04:00] [DATABASE] Conexão MySQL estabelecida com sucesso
[2025-06-29 04:04:00] [API-ADMIN] Buscadas 2 normalizações do banco
[2025-07-07 01:04:28] [LOAD-DB] Iniciando carregamento de dados do banco
[2025-07-07 01:04:28] [LOAD-DB] Carregando dados para página: index
[2025-07-07 01:04:29] [DATABASE] Conexão MySQL estabelecida com sucesso
[2025-07-07 01:04:29] [LOAD-DB] Carregamento concluído - Textos: 9, Imagens: 8
[2025-07-07 01:04:29] [DATABASE] Conexão MySQL estabelecida com sucesso
[2025-07-07 01:04:29] [DATABASE] Conexão MySQL estabelecida com sucesso
[2025-07-07 01:04:29] [DATABASE] Conexão MySQL estabelecida com sucesso
[2025-07-07 01:05:04] [LOAD-DB] Iniciando carregamento de dados do banco
[2025-07-07 01:05:04] [LOAD-DB] Carregando dados para página: index
[2025-07-07 01:05:04] [DATABASE] Conexão MySQL estabelecida com sucesso
[2025-07-07 01:05:04] [LOAD-DB] Carregamento concluído - Textos: 9, Imagens: 8
[2025-07-07 01:05:26] [LOAD-DB] Iniciando carregamento de dados do banco
[2025-07-07 01:05:26] [LOAD-DB] Carregando dados para página: index
[2025-07-07 01:05:26] [DATABASE] Conexão MySQL estabelecida com sucesso
[2025-07-07 01:05:26] [LOAD-DB] Carregamento concluído - Textos: 9, Imagens: 8
[2025-07-07 01:05:26] [LOAD-DB] Iniciando carregamento de dados do banco
[2025-07-07 01:05:26] [LOAD-DB] Carregando dados para página: index
[2025-07-07 01:05:26] [DATABASE] Conexão MySQL estabelecida com sucesso
[2025-07-07 01:05:26] [LOAD-DB] Carregamento concluído - Textos: 9, Imagens: 8
[2025-07-07 01:05:27] [API-ADMIN] Método: GET, Ação: get_normalizations
[2025-07-07 01:05:27] [DATABASE] Conexão MySQL estabelecida com sucesso
[2025-07-07 01:05:27] [API-ADMIN] Buscadas 2 normalizações do banco
[2025-07-07 01:05:55] [API-ADMIN] Método: POST, Ação: update_element_properties
[2025-07-07 01:05:55] [DATABASE] Conexão MySQL estabelecida com sucesso
[2025-07-07 01:05:55] [API-ADMIN] Atualizando propriedades do elemento: img_18 na página: index
[2025-07-07 01:05:55] [API-ADMIN] Propriedades atualizadas no relacionamento existente: 221
[2025-07-07 01:05:56] [API-ADMIN] Método: POST, Ação: update_element_properties
[2025-07-07 01:05:56] [DATABASE] Conexão MySQL estabelecida com sucesso
[2025-07-07 01:05:56] [API-ADMIN] Atualizando propriedades do elemento: img_18 na página: index
[2025-07-07 01:05:56] [API-ADMIN] Propriedades atualizadas no relacionamento existente: 221
[2025-07-07 01:06:01] [API-ADMIN] Método: POST, Ação: update_element_properties
[2025-07-07 01:06:01] [DATABASE] Conexão MySQL estabelecida com sucesso
[2025-07-07 01:06:01] [API-ADMIN] Atualizando propriedades do elemento: img_18 na página: index
[2025-07-07 01:06:01] [API-ADMIN] Propriedades atualizadas no relacionamento existente: 221
[2025-07-07 01:06:02] [API-ADMIN] Método: POST, Ação: update_element_properties
[2025-07-07 01:06:02] [DATABASE] Conexão MySQL estabelecida com sucesso
[2025-07-07 01:06:02] [API-ADMIN] Atualizando propriedades do elemento: img_18 na página: index
[2025-07-07 01:06:02] [API-ADMIN] Propriedades atualizadas no relacionamento existente: 221
[2025-07-07 01:06:06] [API-ADMIN] Método: POST, Ação: update_element_properties
[2025-07-07 01:06:06] [DATABASE] Conexão MySQL estabelecida com sucesso
[2025-07-07 01:06:06] [API-ADMIN] Atualizando propriedades do elemento: img_18 na página: index
[2025-07-07 01:06:06] [API-ADMIN] Propriedades atualizadas no relacionamento existente: 221
[2025-07-07 01:06:07] [API-ADMIN] Método: POST, Ação: update_element_properties
[2025-07-07 01:06:07] [DATABASE] Conexão MySQL estabelecida com sucesso
[2025-07-07 01:06:07] [API-ADMIN] Atualizando propriedades do elemento: img_18 na página: index
[2025-07-07 01:06:07] [API-ADMIN] Propriedades atualizadas no relacionamento existente: 221
[2025-07-07 01:06:12] [API-ADMIN] Método: POST, Ação: update_element_properties
[2025-07-07 01:06:12] [DATABASE] Conexão MySQL estabelecida com sucesso
[2025-07-07 01:06:12] [API-ADMIN] Atualizando propriedades do elemento: img_18 na página: index
[2025-07-07 01:06:12] [API-ADMIN] Propriedades atualizadas no relacionamento existente: 221
[2025-07-07 01:06:13] [API-ADMIN] Método: POST, Ação: update_element_properties
[2025-07-07 01:06:13] [DATABASE] Conexão MySQL estabelecida com sucesso
[2025-07-07 01:06:13] [API-ADMIN] Atualizando propriedades do elemento: img_18 na página: index
[2025-07-07 01:06:13] [API-ADMIN] Propriedades atualizadas no relacionamento existente: 221
[2025-07-07 01:06:16] [SAVE-DB] Iniciando processamento de salvamento no banco de dados
[2025-07-07 01:06:16] [DATABASE] Conexão MySQL estabelecida com sucesso
[2025-07-07 01:06:16] [SAVE-DB] Conexão com banco estabelecida com sucesso
[2025-07-07 01:06:16] [SAVE-DB] Página identificada: siteContent_index.html
[2025-07-07 01:06:16] [SAVE-DB] Texto atualizado: text_28 (página: siteContent_index.html)
[2025-07-07 01:06:16] [SAVE-DB] Texto atualizado: index_content_label_25 (página: siteContent_index.html)
[2025-07-07 01:06:16] [SAVE-DB] Texto atualizado: index_content_label_4 (página: siteContent_index.html)
[2025-07-07 01:06:16] [SAVE-DB] Texto atualizado: index_content_label_2 (página: siteContent_index.html)
[2025-07-07 01:06:16] [SAVE-DB] Imagem salva: chave img_18, ID 35
[2025-07-07 01:06:16] [SAVE-DB] Imagem salva: chave img_19, ID 33
[2025-07-07 01:06:16] [SAVE-DB] Imagem salva: chave img_22, ID 33
[2025-07-07 01:06:16] [SAVE-DB] Imagem salva: chave img_29, ID 37
[2025-07-07 01:06:16] [SAVE-DB] Imagem salva: chave img_30, ID 37
[2025-07-07 01:06:16] [SAVE-DB] Imagem salva: chave img_31, ID 37
[2025-07-07 01:06:16] [SAVE-DB] Imagem salva: chave img_33, ID 37
[2025-07-07 01:06:16] [SAVE-DB] Imagem salva: chave img_39, ID 33
[2025-07-07 01:06:16] [SAVE-DB] Salvamento concluído - Textos: 4, Imagens: 8, Erros: 0
[2025-07-07 01:06:16] [SAVE-DB] Iniciando processamento de salvamento no banco de dados
[2025-07-07 01:06:16] [DATABASE] Conexão MySQL estabelecida com sucesso
[2025-07-07 01:06:16] [SAVE-DB] Conexão com banco estabelecida com sucesso
[2025-07-07 01:06:16] [SAVE-DB] Página identificada: siteContent_index.html
[2025-07-07 01:06:16] [SAVE-DB] Texto atualizado: div-rts-banner-area-rts-section-gap-bg-banner-four-bg_image-1751163577897-ydxys (página: siteContent_index.html)
[2025-07-07 01:06:16] [SAVE-DB] Salvamento concluído - Textos: 1, Imagens: 0, Erros: 0
[2025-07-07 01:06:16] [SAVE-DB] Iniciando processamento de salvamento no banco de dados
[2025-07-07 01:06:16] [DATABASE] Conexão MySQL estabelecida com sucesso
[2025-07-07 01:06:16] [SAVE-DB] Conexão com banco estabelecida com sucesso
[2025-07-07 01:06:16] [SAVE-DB] Página identificada: siteContent_index.html
[2025-07-07 01:06:16] [SAVE-DB] Texto atualizado: div-single-right-content-bg-1-bg_image-1751167595218-m0xtv (página: siteContent_index.html)
[2025-07-07 01:06:16] [SAVE-DB] Salvamento concluído - Textos: 1, Imagens: 0, Erros: 0
[2025-07-07 01:06:17] [SAVE-DB] Iniciando processamento de salvamento no banco de dados
[2025-07-07 01:06:17] [DATABASE] Conexão MySQL estabelecida com sucesso
[2025-07-07 01:06:17] [SAVE-DB] Conexão com banco estabelecida com sucesso
[2025-07-07 01:06:17] [SAVE-DB] Página identificada: siteContent_index.html
[2025-07-07 01:06:17] [SAVE-DB] Texto atualizado: div-single-right-content-bg-2-bg_image-hardem-editable-hardem-editable-element-1751167676487-2juy9 (página: siteContent_index.html)
[2025-07-07 01:06:17] [SAVE-DB] Salvamento concluído - Textos: 1, Imagens: 0, Erros: 0
[2025-07-07 01:06:17] [SAVE-DB] Iniciando processamento de salvamento no banco de dados
[2025-07-07 01:06:17] [DATABASE] Conexão MySQL estabelecida com sucesso
[2025-07-07 01:06:17] [SAVE-DB] Conexão com banco estabelecida com sucesso
[2025-07-07 01:06:17] [SAVE-DB] Página identificada: siteContent_index.html
[2025-07-07 01:06:17] [SAVE-DB] Texto atualizado: metadata (página: siteContent_index.html)
[2025-07-07 01:06:17] [SAVE-DB] Texto atualizado: summary (página: siteContent_index.html)
[2025-07-07 01:06:17] [SAVE-DB] Salvamento concluído - Textos: 2, Imagens: 0, Erros: 0
[2025-07-07 01:06:17] [LOAD-DB] Iniciando carregamento de dados do banco
[2025-07-07 01:06:17] [LOAD-DB] Carregando dados para página: index
[2025-07-07 01:06:17] [DATABASE] Conexão MySQL estabelecida com sucesso
[2025-07-07 01:06:17] [LOAD-DB] Carregamento concluído - Textos: 9, Imagens: 8
[2025-07-07 01:06:18] [API-ADMIN] Método: GET, Ação: get_normalizations
[2025-07-07 01:06:18] [DATABASE] Conexão MySQL estabelecida com sucesso
[2025-07-07 01:06:18] [API-ADMIN] Buscadas 2 normalizações do banco
[2025-07-07 01:06:23] [LOAD-DB] Iniciando carregamento de dados do banco
[2025-07-07 01:06:23] [LOAD-DB] Carregando dados para página: index
[2025-07-07 01:06:23] [DATABASE] Conexão MySQL estabelecida com sucesso
[2025-07-07 01:06:23] [LOAD-DB] Carregamento concluído - Textos: 9, Imagens: 8
[2025-07-07 01:06:23] [LOAD-DB] Iniciando carregamento de dados do banco
[2025-07-07 01:06:23] [LOAD-DB] Carregando dados para página: index
[2025-07-07 01:06:23] [DATABASE] Conexão MySQL estabelecida com sucesso
[2025-07-07 01:06:23] [LOAD-DB] Carregamento concluído - Textos: 9, Imagens: 8
[2025-07-07 01:06:24] [API-ADMIN] Método: GET, Ação: get_normalizations
[2025-07-07 01:06:24] [DATABASE] Conexão MySQL estabelecida com sucesso
[2025-07-07 01:06:24] [API-ADMIN] Buscadas 2 normalizações do banco
[2025-07-07 01:06:29] [LOAD-DB] Iniciando carregamento de dados do banco
[2025-07-07 01:06:29] [LOAD-DB] Carregando dados para página: index
[2025-07-07 01:06:29] [DATABASE] Conexão MySQL estabelecida com sucesso
[2025-07-07 01:06:29] [LOAD-DB] Carregamento concluído - Textos: 9, Imagens: 8
[2025-07-07 01:06:29] [LOAD-DB] Iniciando carregamento de dados do banco
[2025-07-07 01:06:29] [LOAD-DB] Carregando dados para página: index
[2025-07-07 01:06:29] [DATABASE] Conexão MySQL estabelecida com sucesso
[2025-07-07 01:06:29] [LOAD-DB] Carregamento concluído - Textos: 9, Imagens: 8
[2025-07-07 01:06:30] [API-ADMIN] Método: GET, Ação: get_normalizations
[2025-07-07 01:06:30] [DATABASE] Conexão MySQL estabelecida com sucesso
[2025-07-07 01:06:30] [API-ADMIN] Buscadas 2 normalizações do banco
[2025-07-07 01:06:51] [LOAD-DB] Iniciando carregamento de dados do banco
[2025-07-07 01:06:51] [LOAD-DB] Carregando dados para página: index
[2025-07-07 01:06:51] [DATABASE] Conexão MySQL estabelecida com sucesso
[2025-07-07 01:06:51] [LOAD-DB] Carregamento concluído - Textos: 9, Imagens: 8
[2025-07-07 01:06:59] [LOAD-DB] Iniciando carregamento de dados do banco
[2025-07-07 01:06:59] [LOAD-DB] Carregando dados para página: index
[2025-07-07 01:06:59] [DATABASE] Conexão MySQL estabelecida com sucesso
[2025-07-07 01:06:59] [LOAD-DB] Carregamento concluído - Textos: 9, Imagens: 8
[2025-07-07 01:07:24] [LOAD-DB] Iniciando carregamento de dados do banco
[2025-07-07 01:07:24] [LOAD-DB] Carregando dados para página: index
[2025-07-07 01:07:24] [DATABASE] Conexão MySQL estabelecida com sucesso
[2025-07-07 01:07:25] [LOAD-DB] Carregamento concluído - Textos: 9, Imagens: 8
[2025-07-07 01:07:33] [LOAD-DB] Iniciando carregamento de dados do banco
[2025-07-07 01:07:33] [LOAD-DB] Carregando dados para página: index
[2025-07-07 01:07:33] [DATABASE] Conexão MySQL estabelecida com sucesso
[2025-07-07 01:07:33] [LOAD-DB] Carregamento concluído - Textos: 9, Imagens: 8
[2025-07-07 01:07:33] [LOAD-DB] Iniciando carregamento de dados do banco
[2025-07-07 01:07:33] [LOAD-DB] Carregando dados para página: index
[2025-07-07 01:07:33] [DATABASE] Conexão MySQL estabelecida com sucesso
[2025-07-07 01:07:33] [LOAD-DB] Carregamento concluído - Textos: 9, Imagens: 8
[2025-07-07 01:07:34] [API-ADMIN] Método: GET, Ação: get_normalizations
[2025-07-07 01:07:34] [DATABASE] Conexão MySQL estabelecida com sucesso
[2025-07-07 01:07:34] [API-ADMIN] Buscadas 2 normalizações do banco
[2025-07-07 01:07:44] [LOAD-DB] Iniciando carregamento de dados do banco
[2025-07-07 01:07:44] [LOAD-DB] Carregando dados para página: index
[2025-07-07 01:07:44] [DATABASE] Conexão MySQL estabelecida com sucesso
[2025-07-07 01:07:44] [LOAD-DB] Carregamento concluído - Textos: 9, Imagens: 8
[2025-07-07 01:07:52] [LOAD-DB] Iniciando carregamento de dados do banco
[2025-07-07 01:07:52] [LOAD-DB] Carregando dados para página: index
[2025-07-07 01:07:52] [DATABASE] Conexão MySQL estabelecida com sucesso
[2025-07-07 01:07:52] [LOAD-DB] Carregamento concluído - Textos: 9, Imagens: 8
[2025-07-07 01:08:00] [LOAD-DB] Iniciando carregamento de dados do banco
[2025-07-07 01:08:00] [LOAD-DB] Carregando dados para página: index
[2025-07-07 01:08:00] [DATABASE] Conexão MySQL estabelecida com sucesso
[2025-07-07 01:08:00] [LOAD-DB] Carregamento concluído - Textos: 9, Imagens: 8
[2025-07-07 01:08:00] [LOAD-DB] Iniciando carregamento de dados do banco
[2025-07-07 01:08:00] [LOAD-DB] Carregando dados para página: index
[2025-07-07 01:08:00] [DATABASE] Conexão MySQL estabelecida com sucesso
[2025-07-07 01:08:00] [LOAD-DB] Carregamento concluído - Textos: 9, Imagens: 8
[2025-07-07 01:08:00] [API-ADMIN] Método: GET, Ação: get_normalizations
[2025-07-07 01:08:00] [DATABASE] Conexão MySQL estabelecida com sucesso
[2025-07-07 01:08:00] [API-ADMIN] Buscadas 2 normalizações do banco
[2025-07-07 01:11:51] [SAVE-DB] Iniciando processamento de salvamento no banco de dados
[2025-07-07 01:11:51] [DATABASE] Conexão MySQL estabelecida com sucesso
[2025-07-07 01:11:51] [SAVE-DB] Conexão com banco estabelecida com sucesso
[2025-07-07 01:11:51] [SAVE-DB] Página identificada: siteContent_index.html
[2025-07-07 01:11:51] [SAVE-DB] Texto atualizado: text_28 (página: siteContent_index.html)
[2025-07-07 01:11:51] [SAVE-DB] Texto atualizado: index_content_label_25 (página: siteContent_index.html)
[2025-07-07 01:11:51] [SAVE-DB] Texto atualizado: index_content_label_4 (página: siteContent_index.html)
[2025-07-07 01:11:51] [SAVE-DB] Texto atualizado: index_content_label_2 (página: siteContent_index.html)
[2025-07-07 01:11:51] [SAVE-DB] Imagem salva: chave img_18, ID 35
[2025-07-07 01:11:51] [SAVE-DB] Imagem salva: chave img_19, ID 33
[2025-07-07 01:11:51] [SAVE-DB] Imagem salva: chave img_22, ID 33
[2025-07-07 01:11:51] [SAVE-DB] Imagem salva: chave img_29, ID 37
[2025-07-07 01:11:51] [SAVE-DB] Imagem salva: chave img_30, ID 37
[2025-07-07 01:11:51] [SAVE-DB] Imagem salva: chave img_31, ID 37
[2025-07-07 01:11:51] [SAVE-DB] Imagem salva: chave img_33, ID 37
[2025-07-07 01:11:51] [SAVE-DB] Imagem salva: chave img_39, ID 33
[2025-07-07 01:11:51] [SAVE-DB] Salvamento concluído - Textos: 4, Imagens: 8, Erros: 0
[2025-07-07 01:11:51] [SAVE-DB] Iniciando processamento de salvamento no banco de dados
[2025-07-07 01:11:51] [DATABASE] Conexão MySQL estabelecida com sucesso
[2025-07-07 01:11:51] [SAVE-DB] Conexão com banco estabelecida com sucesso
[2025-07-07 01:11:51] [SAVE-DB] Página identificada: siteContent_index.html
[2025-07-07 01:11:51] [SAVE-DB] Texto atualizado: div-single-right-content-bg-2-bg_image-hardem-editable-hardem-editable-element-1751167676487-2juy9 (página: siteContent_index.html)
[2025-07-07 01:11:51] [SAVE-DB] Salvamento concluído - Textos: 1, Imagens: 0, Erros: 0
[2025-07-07 01:11:51] [SAVE-DB] Iniciando processamento de salvamento no banco de dados
[2025-07-07 01:11:51] [DATABASE] Conexão MySQL estabelecida com sucesso
[2025-07-07 01:11:51] [SAVE-DB] Conexão com banco estabelecida com sucesso
[2025-07-07 01:11:51] [SAVE-DB] Página identificada: siteContent_index.html
[2025-07-07 01:11:51] [SAVE-DB] Texto atualizado: div-rts-banner-area-rts-section-gap-bg-banner-four-bg_image-1751163577897-ydxys (página: siteContent_index.html)
[2025-07-07 01:11:51] [SAVE-DB] Salvamento concluído - Textos: 1, Imagens: 0, Erros: 0
[2025-07-07 01:11:51] [SAVE-DB] Iniciando processamento de salvamento no banco de dados
[2025-07-07 01:11:51] [DATABASE] Conexão MySQL estabelecida com sucesso
[2025-07-07 01:11:51] [SAVE-DB] Conexão com banco estabelecida com sucesso
[2025-07-07 01:11:51] [SAVE-DB] Página identificada: siteContent_index.html
[2025-07-07 01:11:51] [SAVE-DB] Texto atualizado: div-single-right-content-bg-1-bg_image-1751167595218-m0xtv (página: siteContent_index.html)
[2025-07-07 01:11:51] [SAVE-DB] Salvamento concluído - Textos: 1, Imagens: 0, Erros: 0
[2025-07-07 01:11:51] [SAVE-DB] Iniciando processamento de salvamento no banco de dados
[2025-07-07 01:11:51] [DATABASE] Conexão MySQL estabelecida com sucesso
[2025-07-07 01:11:51] [SAVE-DB] Conexão com banco estabelecida com sucesso
[2025-07-07 01:11:51] [SAVE-DB] Página identificada: siteContent_index.html
[2025-07-07 01:11:51] [SAVE-DB] Texto atualizado: metadata (página: siteContent_index.html)
[2025-07-07 01:11:51] [SAVE-DB] Texto atualizado: summary (página: siteContent_index.html)
[2025-07-07 01:11:51] [SAVE-DB] Salvamento concluído - Textos: 2, Imagens: 0, Erros: 0
[2025-07-07 01:11:52] [LOAD-DB] Iniciando carregamento de dados do banco
[2025-07-07 01:11:52] [LOAD-DB] Carregando dados para página: index
[2025-07-07 01:11:52] [DATABASE] Conexão MySQL estabelecida com sucesso
[2025-07-07 01:11:52] [LOAD-DB] Carregamento concluído - Textos: 9, Imagens: 8
[2025-07-07 01:11:53] [API-ADMIN] Método: GET, Ação: get_normalizations
[2025-07-07 01:11:53] [DATABASE] Conexão MySQL estabelecida com sucesso
[2025-07-07 01:11:53] [API-ADMIN] Buscadas 2 normalizações do banco
[2025-07-07 01:11:58] [LOAD-DB] Iniciando carregamento de dados do banco
[2025-07-07 01:11:58] [LOAD-DB] Carregando dados para página: index
[2025-07-07 01:11:58] [DATABASE] Conexão MySQL estabelecida com sucesso
[2025-07-07 01:11:58] [LOAD-DB] Carregamento concluído - Textos: 9, Imagens: 8
